<?xml version="1.0" encoding="UTF-8"?>
<robot generator="Robot 6.1 (Python 3.11.4 on win32)" generated="20230630 17:14:00.480" rpa="false" schemaversion="4">
<suite id="s1" name="Checkpoint" source="C:\Users\Airton\Desktop\DH\1Testing\teste\Teste1\Checkpoint.robot">
<test id="s1-t1" name="Processo de compra de uma peça de roupa de esporte" line="10">
<kw name="Acessar a loja" library="Checkpoint">
<kw name="Open Browser" library="SeleniumLibrary">
<arg>${SITE}</arg>
<arg>${NAVEGADOR}</arg>
<doc>Opens a new browser instance to the optional ``url``.</doc>
<msg timestamp="20230630 17:14:00.776" level="INFO">Opening browser 'Chrome' to base url 'https://demo.spreecommerce.org'.</msg>
<status status="PASS" starttime="20230630 17:14:00.775" endtime="20230630 17:14:02.661"/>
</kw>
<kw name="Maximize Browser Window" library="SeleniumLibrary">
<doc>Maximizes current browser window.</doc>
<status status="PASS" starttime="20230630 17:14:02.662" endtime="20230630 17:14:02.787"/>
</kw>
<status status="PASS" starttime="20230630 17:14:00.775" endtime="20230630 17:14:02.787"/>
</kw>
<kw name="Selecionar categoria" library="Checkpoint">
<kw name="Click Element" library="SeleniumLibrary">
<arg>${CATEGORIA}</arg>
<doc>Click the element identified by ``locator``.</doc>
<msg timestamp="20230630 17:14:02.791" level="INFO">Clicking element 'css=.row:nth-child(2) &gt; .col-12 .homepage-hpb'.</msg>
<status status="PASS" starttime="20230630 17:14:02.787" endtime="20230630 17:14:02.928"/>
</kw>
<kw name="Sleep" library="BuiltIn">
<arg>3</arg>
<doc>Pauses the test executed for the given time.</doc>
<msg timestamp="20230630 17:14:05.929" level="INFO">Slept 3 seconds</msg>
<status status="PASS" starttime="20230630 17:14:02.929" endtime="20230630 17:14:05.929"/>
</kw>
<status status="PASS" starttime="20230630 17:14:02.787" endtime="20230630 17:14:05.929"/>
</kw>
<kw name="Selecionar produto" library="Checkpoint">
<kw name="Click Element" library="SeleniumLibrary">
<arg>${PRODUTO}</arg>
<doc>Click the element identified by ``locator``.</doc>
<msg timestamp="20230630 17:14:05.931" level="INFO">Clicking element 'css=#product_106 .product-component-image'.</msg>
<status status="PASS" starttime="20230630 17:14:05.929" endtime="20230630 17:14:06.004"/>
</kw>
<kw name="Sleep" library="BuiltIn">
<arg>3</arg>
<doc>Pauses the test executed for the given time.</doc>
<msg timestamp="20230630 17:14:09.005" level="INFO">Slept 3 seconds</msg>
<status status="PASS" starttime="20230630 17:14:06.004" endtime="20230630 17:14:09.005"/>
</kw>
<status status="PASS" starttime="20230630 17:14:05.929" endtime="20230630 17:14:09.005"/>
</kw>
<kw name="Selecionar um tamanho e cor" library="Checkpoint">
<kw name="Click Element" library="SeleniumLibrary">
<arg>${TAMANHO}</arg>
<doc>Click the element identified by ``locator``.</doc>
<msg timestamp="20230630 17:14:09.007" level="INFO">Clicking element 'css=g:nth-child(2) &gt; circle:nth-child(1)'.</msg>
<status status="PASS" starttime="20230630 17:14:09.005" endtime="20230630 17:14:09.077"/>
</kw>
<kw name="Sleep" library="BuiltIn">
<arg>2</arg>
<doc>Pauses the test executed for the given time.</doc>
<msg timestamp="20230630 17:14:11.078" level="INFO">Slept 2 seconds</msg>
<status status="PASS" starttime="20230630 17:14:09.077" endtime="20230630 17:14:11.078"/>
</kw>
<kw name="Click Element" library="SeleniumLibrary">
<arg>${COR}</arg>
<doc>Click the element identified by ``locator``.</doc>
<msg timestamp="20230630 17:14:11.078" level="INFO">Clicking element 'css=.m-1 &gt; span'.</msg>
<status status="PASS" starttime="20230630 17:14:11.078" endtime="20230630 17:14:11.126"/>
</kw>
<kw name="Sleep" library="BuiltIn">
<arg>3</arg>
<doc>Pauses the test executed for the given time.</doc>
<msg timestamp="20230630 17:14:14.127" level="INFO">Slept 3 seconds</msg>
<status status="PASS" starttime="20230630 17:14:11.127" endtime="20230630 17:14:14.127"/>
</kw>
<status status="PASS" starttime="20230630 17:14:09.005" endtime="20230630 17:14:14.127"/>
</kw>
<kw name="Adicionar ao carrinho de compras" library="Checkpoint">
<kw name="Click Element" library="SeleniumLibrary">
<arg>${CARRINHO}</arg>
<doc>Click the element identified by ``locator``.</doc>
<msg timestamp="20230630 17:14:14.128" level="INFO">Clicking element 'id=add-to-cart-button'.</msg>
<status status="PASS" starttime="20230630 17:14:14.128" endtime="20230630 17:14:14.176"/>
</kw>
<kw name="Sleep" library="BuiltIn">
<arg>3</arg>
<doc>Pauses the test executed for the given time.</doc>
<msg timestamp="20230630 17:14:17.176" level="INFO">Slept 3 seconds</msg>
<status status="PASS" starttime="20230630 17:14:14.176" endtime="20230630 17:14:17.176"/>
</kw>
<kw name="Click Element" library="SeleniumLibrary">
<arg>${CHECKOUT}</arg>
<doc>Click the element identified by ``locator``.</doc>
<msg timestamp="20230630 17:14:17.178" level="INFO">Clicking element 'css=.btn-primary:nth-child(1)'.</msg>
<status status="PASS" starttime="20230630 17:14:17.176" endtime="20230630 17:14:17.687"/>
</kw>
<kw name="Sleep" library="BuiltIn">
<arg>3</arg>
<doc>Pauses the test executed for the given time.</doc>
<msg timestamp="20230630 17:14:20.687" level="INFO">Slept 3 seconds</msg>
<status status="PASS" starttime="20230630 17:14:17.687" endtime="20230630 17:14:20.687"/>
</kw>
<status status="PASS" starttime="20230630 17:14:14.127" endtime="20230630 17:14:20.687"/>
</kw>
<kw name="Login" library="Checkpoint">
<kw name="Input Text" library="SeleniumLibrary">
<arg>${USERNAME_CAMPO}</arg>
<arg>${VALOR_USERNAME}</arg>
<doc>Types the given ``text`` into the text field identified by ``locator``.</doc>
<msg timestamp="20230630 17:14:20.688" level="INFO">Typing text 'teste123456@mail.com' into text field 'id=spree_user_email'.</msg>
<status status="PASS" starttime="20230630 17:14:20.688" endtime="20230630 17:14:20.820"/>
</kw>
<kw name="Input Text" library="SeleniumLibrary">
<arg>${PASSWORD_CAMPO}</arg>
<arg>${VALOR_PASSWORD}</arg>
<doc>Types the given ``text`` into the text field identified by ``locator``.</doc>
<msg timestamp="20230630 17:14:20.820" level="INFO">Typing text '123456789' into text field 'id=spree_user_password'.</msg>
<status status="PASS" starttime="20230630 17:14:20.820" endtime="20230630 17:14:20.933"/>
</kw>
<kw name="Sleep" library="BuiltIn">
<arg>2</arg>
<doc>Pauses the test executed for the given time.</doc>
<msg timestamp="20230630 17:14:22.934" level="INFO">Slept 2 seconds</msg>
<status status="PASS" starttime="20230630 17:14:20.933" endtime="20230630 17:14:22.934"/>
</kw>
<kw name="Click Element" library="SeleniumLibrary">
<arg>${LOGIN}</arg>
<doc>Click the element identified by ``locator``.</doc>
<msg timestamp="20230630 17:14:22.934" level="INFO">Clicking element 'name=commit'.</msg>
<status status="PASS" starttime="20230630 17:14:22.934" endtime="20230630 17:14:23.799"/>
</kw>
<kw name="Sleep" library="BuiltIn">
<arg>3</arg>
<doc>Pauses the test executed for the given time.</doc>
<msg timestamp="20230630 17:14:26.800" level="INFO">Slept 3 seconds</msg>
<status status="PASS" starttime="20230630 17:14:23.799" endtime="20230630 17:14:26.800"/>
</kw>
<status status="PASS" starttime="20230630 17:14:20.687" endtime="20230630 17:14:26.800"/>
</kw>
<kw name="Preencher dados de billing address e clicar em Save and Continue" library="Checkpoint">
<kw name="Input Text" library="SeleniumLibrary">
<arg>${PRIMEIRO_NOME_CAMPO}</arg>
<arg>${PRIMEIRO_NOME_VALOR}</arg>
<doc>Types the given ``text`` into the text field identified by ``locator``.</doc>
<msg timestamp="20230630 17:14:26.801" level="INFO">Typing text 'Barbara' into text field 'id=order_bill_address_attributes_firstname'.</msg>
<status status="PASS" starttime="20230630 17:14:26.801" endtime="20230630 17:14:26.895"/>
</kw>
<kw name="Sleep" library="BuiltIn">
<arg>2</arg>
<doc>Pauses the test executed for the given time.</doc>
<msg timestamp="20230630 17:14:28.895" level="INFO">Slept 2 seconds</msg>
<status status="PASS" starttime="20230630 17:14:26.895" endtime="20230630 17:14:28.895"/>
</kw>
<kw name="Input Text" library="SeleniumLibrary">
<arg>${SEGUNDO_NOME_CAMPO}</arg>
<arg>${SEGUNDO_NOME_VALOR}</arg>
<doc>Types the given ``text`` into the text field identified by ``locator``.</doc>
<msg timestamp="20230630 17:14:28.895" level="INFO">Typing text 'G. Cross' into text field 'id=order_bill_address_attributes_lastname'.</msg>
<status status="PASS" starttime="20230630 17:14:28.895" endtime="20230630 17:14:28.988"/>
</kw>
<kw name="Sleep" library="BuiltIn">
<arg>2</arg>
<doc>Pauses the test executed for the given time.</doc>
<msg timestamp="20230630 17:14:30.990" level="INFO">Slept 2 seconds</msg>
<status status="PASS" starttime="20230630 17:14:28.989" endtime="20230630 17:14:30.990"/>
</kw>
<kw name="Input Text" library="SeleniumLibrary">
<arg>${ENDERECO_CAMPO}</arg>
<arg>${ENDERECO_VALOR}</arg>
<doc>Types the given ``text`` into the text field identified by ``locator``.</doc>
<msg timestamp="20230630 17:14:30.991" level="INFO">Typing text 'Rua Noventa e Oito' into text field 'id=order_bill_address_attributes_address1'.</msg>
<status status="PASS" starttime="20230630 17:14:30.990" endtime="20230630 17:14:31.106"/>
</kw>
<kw name="Sleep" library="BuiltIn">
<arg>2</arg>
<doc>Pauses the test executed for the given time.</doc>
<msg timestamp="20230630 17:14:33.106" level="INFO">Slept 2 seconds</msg>
<status status="PASS" starttime="20230630 17:14:31.106" endtime="20230630 17:14:33.106"/>
</kw>
<kw name="Input Text" library="SeleniumLibrary">
<arg>${CIDADE_CAMPO}</arg>
<arg>${CIDADE_VALOR}</arg>
<doc>Types the given ``text`` into the text field identified by ``locator``.</doc>
<msg timestamp="20230630 17:14:33.107" level="INFO">Typing text 'São Luís' into text field 'id=order_bill_address_attributes_city'.</msg>
<status status="PASS" starttime="20230630 17:14:33.106" endtime="20230630 17:14:33.212"/>
</kw>
<kw name="Sleep" library="BuiltIn">
<arg>2</arg>
<doc>Pauses the test executed for the given time.</doc>
<msg timestamp="20230630 17:14:35.212" level="INFO">Slept 2 seconds</msg>
<status status="PASS" starttime="20230630 17:14:33.212" endtime="20230630 17:14:35.212"/>
</kw>
<kw name="Input Text" library="SeleniumLibrary">
<arg>${CEP_CAMPO}</arg>
<arg>${CEP_VALOR}</arg>
<doc>Types the given ``text`` into the text field identified by ``locator``.</doc>
<msg timestamp="20230630 17:14:35.212" level="INFO">Typing text '74931' into text field 'id=order_bill_address_attributes_zipcode'.</msg>
<status status="PASS" starttime="20230630 17:14:35.212" endtime="20230630 17:14:35.302"/>
</kw>
<kw name="Sleep" library="BuiltIn">
<arg>2</arg>
<doc>Pauses the test executed for the given time.</doc>
<msg timestamp="20230630 17:14:37.302" level="INFO">Slept 2 seconds</msg>
<status status="PASS" starttime="20230630 17:14:35.302" endtime="20230630 17:14:37.302"/>
</kw>
<kw name="Input Text" library="SeleniumLibrary">
<arg>${TELEFONE_CAMPO}</arg>
<arg>${TELEFONE_VALOR}</arg>
<doc>Types the given ``text`` into the text field identified by ``locator``.</doc>
<msg timestamp="20230630 17:14:37.303" level="INFO">Typing text '(91) 2223-4469' into text field 'id=order_bill_address_attributes_phone'.</msg>
<status status="PASS" starttime="20230630 17:14:37.302" endtime="20230630 17:14:37.406"/>
</kw>
<kw name="Sleep" library="BuiltIn">
<arg>2</arg>
<doc>Pauses the test executed for the given time.</doc>
<msg timestamp="20230630 17:14:39.408" level="INFO">Slept 2 seconds</msg>
<status status="PASS" starttime="20230630 17:14:37.407" endtime="20230630 17:14:39.408"/>
</kw>
<kw name="Click Element" library="SeleniumLibrary">
<arg>${ADDRESS_CONTINUAR}</arg>
<doc>Click the element identified by ``locator``.</doc>
<msg timestamp="20230630 17:14:39.409" level="INFO">Clicking element 'name=commit'.</msg>
<status status="PASS" starttime="20230630 17:14:39.408" endtime="20230630 17:14:40.387"/>
</kw>
<kw name="Sleep" library="BuiltIn">
<arg>2</arg>
<doc>Pauses the test executed for the given time.</doc>
<msg timestamp="20230630 17:14:42.388" level="INFO">Slept 2 seconds</msg>
<status status="PASS" starttime="20230630 17:14:40.387" endtime="20230630 17:14:42.388"/>
</kw>
<status status="PASS" starttime="20230630 17:14:26.800" endtime="20230630 17:14:42.388"/>
</kw>
<kw name="Selecionar frete e clicar em Save and Continue" library="Checkpoint">
<kw name="Click Element" library="SeleniumLibrary">
<arg>${FRETE}</arg>
<doc>Click the element identified by ``locator``.</doc>
<msg timestamp="20230630 17:14:42.389" level="INFO">Clicking element 'css=.shipping-method:nth-child(2) .spree-radio-label-custom-input'.</msg>
<status status="PASS" starttime="20230630 17:14:42.389" endtime="20230630 17:14:42.438"/>
</kw>
<kw name="Sleep" library="BuiltIn">
<arg>2</arg>
<doc>Pauses the test executed for the given time.</doc>
<msg timestamp="20230630 17:14:44.439" level="INFO">Slept 2 seconds</msg>
<status status="PASS" starttime="20230630 17:14:42.438" endtime="20230630 17:14:44.439"/>
</kw>
<kw name="Click Element" library="SeleniumLibrary">
<arg>${DELIVERY_CONTINUAR}</arg>
<doc>Click the element identified by ``locator``.</doc>
<msg timestamp="20230630 17:14:44.439" level="INFO">Clicking element 'name=commit'.</msg>
<status status="PASS" starttime="20230630 17:14:44.439" endtime="20230630 17:14:45.160"/>
</kw>
<kw name="Sleep" library="BuiltIn">
<arg>2</arg>
<doc>Pauses the test executed for the given time.</doc>
<msg timestamp="20230630 17:14:47.162" level="INFO">Slept 2 seconds</msg>
<status status="PASS" starttime="20230630 17:14:45.161" endtime="20230630 17:14:47.162"/>
</kw>
<status status="PASS" starttime="20230630 17:14:42.388" endtime="20230630 17:14:47.162"/>
</kw>
<kw name="Preencher dados do cartão de crédito, clicar em “Save and Continue”" library="Checkpoint">
<kw name="Input Text" library="SeleniumLibrary">
<arg>${CARTAO_CAMPO}</arg>
<arg>${CARTAO_VALOR}</arg>
<doc>Types the given ``text`` into the text field identified by ``locator``.</doc>
<msg timestamp="20230630 17:14:47.163" level="INFO">Typing text '5384 8981 4865 9875' into text field 'css=#card_number'.</msg>
<status status="PASS" starttime="20230630 17:14:47.162" endtime="20230630 17:14:47.283"/>
</kw>
<kw name="Sleep" library="BuiltIn">
<arg>2</arg>
<doc>Pauses the test executed for the given time.</doc>
<msg timestamp="20230630 17:14:49.283" level="INFO">Slept 2 seconds</msg>
<status status="PASS" starttime="20230630 17:14:47.283" endtime="20230630 17:14:49.283"/>
</kw>
<kw name="Input Text" library="SeleniumLibrary">
<arg>${VALIDADE_CAMPO}</arg>
<arg>${VALIDADE_VALOR}</arg>
<doc>Types the given ``text`` into the text field identified by ``locator``.</doc>
<msg timestamp="20230630 17:14:49.284" level="INFO">Typing text '03/2025' into text field 'id=card_expiry'.</msg>
<status status="PASS" starttime="20230630 17:14:49.283" endtime="20230630 17:14:49.375"/>
</kw>
<kw name="Sleep" library="BuiltIn">
<arg>2</arg>
<doc>Pauses the test executed for the given time.</doc>
<msg timestamp="20230630 17:14:51.376" level="INFO">Slept 2 seconds</msg>
<status status="PASS" starttime="20230630 17:14:49.375" endtime="20230630 17:14:51.376"/>
</kw>
<kw name="Input Text" library="SeleniumLibrary">
<arg>${CVV_CAMPO}</arg>
<arg>${CVV_VALOR}</arg>
<doc>Types the given ``text`` into the text field identified by ``locator``.</doc>
<msg timestamp="20230630 17:14:51.376" level="INFO">Typing text '380' into text field 'id=card_code'.</msg>
<status status="PASS" starttime="20230630 17:14:51.376" endtime="20230630 17:14:51.452"/>
</kw>
<kw name="Sleep" library="BuiltIn">
<arg>2</arg>
<doc>Pauses the test executed for the given time.</doc>
<msg timestamp="20230630 17:14:53.453" level="INFO">Slept 2 seconds</msg>
<status status="PASS" starttime="20230630 17:14:51.452" endtime="20230630 17:14:53.453"/>
</kw>
<kw name="Click Element" library="SeleniumLibrary">
<arg>${PAYMENT_CONTINUAR}</arg>
<doc>Click the element identified by ``locator``.</doc>
<msg timestamp="20230630 17:14:53.453" level="INFO">Clicking element 'name=commit'.</msg>
<status status="PASS" starttime="20230630 17:14:53.453" endtime="20230630 17:14:54.113"/>
</kw>
<kw name="Sleep" library="BuiltIn">
<arg>2</arg>
<doc>Pauses the test executed for the given time.</doc>
<msg timestamp="20230630 17:14:56.114" level="INFO">Slept 2 seconds</msg>
<status status="PASS" starttime="20230630 17:14:54.113" endtime="20230630 17:14:56.114"/>
</kw>
<status status="PASS" starttime="20230630 17:14:47.162" endtime="20230630 17:14:56.114"/>
</kw>
<kw name="Checar informações e clicar em “place order”" library="Checkpoint">
<kw name="Run Keyword And Continue On Failure" library="BuiltIn">
<arg>Click Element</arg>
<arg>${PLACE_ORDER}</arg>
<doc>Runs the keyword and continues execution even if a failure occurs.</doc>
<kw name="Click Element" library="SeleniumLibrary">
<arg>${PLACE_ORDER}</arg>
<doc>Click the element identified by ``locator``.</doc>
<msg timestamp="20230630 17:14:56.116" level="INFO">Clicking element 'name=commit'.</msg>
<status status="PASS" starttime="20230630 17:14:56.114" endtime="20230630 17:14:56.766"/>
</kw>
<status status="PASS" starttime="20230630 17:14:56.114" endtime="20230630 17:14:56.766"/>
</kw>
<kw name="Run Keyword If" library="BuiltIn">
<arg>'${PREV_TEST_STATUS}' == 'FAIL'</arg>
<arg>Fatal Error</arg>
<arg>Bogus Gateway: Forced failure</arg>
<doc>Runs the given keyword with the given arguments, if ``condition`` is true.</doc>
<status status="PASS" starttime="20230630 17:14:56.766" endtime="20230630 17:14:56.766"/>
</kw>
<kw name="Log To Console" library="BuiltIn">
<arg>Bogus Gateway: Forced failure</arg>
<doc>Logs the given message to the console.</doc>
<status status="PASS" starttime="20230630 17:14:56.766" endtime="20230630 17:14:56.768"/>
</kw>
<kw name="Sleep" library="BuiltIn">
<arg>5s</arg>
<doc>Pauses the test executed for the given time.</doc>
<msg timestamp="20230630 17:15:01.768" level="INFO">Slept 5 seconds</msg>
<status status="PASS" starttime="20230630 17:14:56.768" endtime="20230630 17:15:01.768"/>
</kw>
<kw name="Close Browser" library="SeleniumLibrary">
<doc>Closes the current browser.</doc>
<status status="PASS" starttime="20230630 17:15:01.768" endtime="20230630 17:15:03.998"/>
</kw>
<status status="PASS" starttime="20230630 17:14:56.114" endtime="20230630 17:15:03.998"/>
</kw>
<status status="PASS" starttime="20230630 17:14:00.775" endtime="20230630 17:15:03.998"/>
</test>
<status status="PASS" starttime="20230630 17:14:00.481" endtime="20230630 17:15:03.999"/>
</suite>
<statistics>
<total>
<stat pass="1" fail="0" skip="0">All Tests</stat>
</total>
<tag>
</tag>
<suite>
<stat pass="1" fail="0" skip="0" id="s1" name="Checkpoint">Checkpoint</stat>
</suite>
</statistics>
<errors>
</errors>
</robot>
